<?xml version="1.0" encoding="UTF-8"?>
<!-- Generated by org.testng.reporters.JUnitXMLReporter -->
<testsuite hostname="BLT1222" ignored="1" name="Test" tests="2" failures="0" timestamp="18 Feb 2020 05:30:49 GMT" time="0.056" errors="0">
  <testcase name="testcase2" time="0.015" classname="TestNGdemo.Dependsongroup"/>
  <testcase name="testcase3" time="0.002" classname="TestNGdemo.Dependsongroup"/>
  <testcase name="testcase1" time="0.0" classname="TestNGdemo.Dependsongroup">
    <ignored/>
  </testcase> <!-- testcase1 -->
</testsuite> <!-- Test -->
