<?xml version="1.0" encoding="UTF-8"?>
<testng-results skipped="0" failed="0" ignored="0" total="1" passed="1">
  <reporter-output>
  </reporter-output>
  <suite name="Default suite" duration-ms="54645" started-at="2020-03-12T16:06:10 IST" finished-at="2020-03-12T16:07:05 IST">
    <groups>
    </groups>
    <test name="Default test" duration-ms="54645" started-at="2020-03-12T16:06:10 IST" finished-at="2020-03-12T16:07:05 IST">
      <class name="com.testcase.offer_testcase">
        <test-method status="PASS" signature="before()[pri:0, instance:com.testcase.offer_testcase@3b0143d3]" name="before" is-config="true" duration-ms="14175" started-at="2020-03-12T16:06:10 IST" finished-at="2020-03-12T16:06:24 IST">
          <reporter-output>
          </reporter-output>
        </test-method> <!-- before -->
        <test-method status="PASS" signature="home()[pri:0, instance:com.testcase.offer_testcase@3b0143d3]" name="home" duration-ms="37960" started-at="2020-03-12T16:06:24 IST" finished-at="2020-03-12T16:07:02 IST">
          <reporter-output>
          </reporter-output>
        </test-method> <!-- home -->
        <test-method status="PASS" signature="after()[pri:0, instance:com.testcase.offer_testcase@3b0143d3]" name="after" is-config="true" duration-ms="2425" started-at="2020-03-12T16:07:02 IST" finished-at="2020-03-12T16:07:05 IST">
          <reporter-output>
          </reporter-output>
        </test-method> <!-- after -->
      </class> <!-- com.testcase.offer_testcase -->
    </test> <!-- Default test -->
  </suite> <!-- Default suite -->
</testng-results>
