<?xml version="1.0" encoding="UTF-8"?>
<testng-results skipped="0" failed="0" ignored="0" total="1" passed="1">
  <reporter-output>
  </reporter-output>
  <suite name="Default suite" duration-ms="36836" started-at="2020-03-12T06:31:37Z" finished-at="2020-03-12T06:32:14Z">
    <groups>
    </groups>
    <test name="Default test" duration-ms="36836" started-at="2020-03-12T06:31:37Z" finished-at="2020-03-12T06:32:14Z">
      <class name="Com.testcase.Bmw_pagecase">
        <test-method status="PASS" signature="bc()[pri:0, instance:Com.testcase.Bmw_pagecase@7823a2f9]" name="bc" is-config="true" duration-ms="11952" started-at="2020-03-12T06:31:37Z" finished-at="2020-03-12T06:31:49Z">
          <reporter-output>
          </reporter-output>
        </test-method> <!-- bc -->
        <test-method status="PASS" signature="tc()[pri:0, instance:Com.testcase.Bmw_pagecase@7823a2f9]" name="tc" duration-ms="22778" started-at="2020-03-12T06:31:49Z" finished-at="2020-03-12T06:32:12Z">
          <reporter-output>
          </reporter-output>
        </test-method> <!-- tc -->
        <test-method status="PASS" signature="ac()[pri:0, instance:Com.testcase.Bmw_pagecase@7823a2f9]" name="ac" is-config="true" duration-ms="2072" started-at="2020-03-12T06:32:12Z" finished-at="2020-03-12T06:32:14Z">
          <reporter-output>
          </reporter-output>
        </test-method> <!-- ac -->
      </class> <!-- Com.testcase.Bmw_pagecase -->
    </test> <!-- Default test -->
  </suite> <!-- Default suite -->
</testng-results>
